<?xml version="1.0" encoding="UTF-8"?>
<!-- Generated by org.testng.reporters.JUnitReportReporter -->
<testsuite hostname="DESKTOP-RVJV18D" failures="0" tests="18" name="com.qe.project.testcases.LumaApplication_Test" time="51.735" errors="0" timestamp="2024-07-18T09:48:48 IST" skipped="0">
  <testcase classname="com.qe.project.testcases.LumaApplication_Test" name="Gear" time="1.993"/>
  <testcase classname="com.qe.project.testcases.LumaApplication_Test" name="productClick" time="4.405"/>
  <testcase classname="com.qe.project.testcases.LumaApplication_Test" name="quantity" time="2.848"/>
  <testcase classname="com.qe.project.testcases.LumaApplication_Test" name="addToKart" time="1.144"/>
  <testcase classname="com.qe.project.testcases.LumaApplication_Test" name="addToKartIcon" time="2.353"/>
  <testcase classname="com.qe.project.testcases.LumaApplication_Test" name="veiwEditKart" time="3.935"/>
  <testcase classname="com.qe.project.testcases.LumaApplication_Test" name="proccedCheckOut" time="7.380"/>
  <testcase classname="com.qe.project.testcases.LumaApplication_Test" name="enterEmail" time="1.856"/>
  <testcase classname="com.qe.project.testcases.LumaApplication_Test" name="firstName" time="4.614"/>
  <testcase classname="com.qe.project.testcases.LumaApplication_Test" name="lasttName" time="2.476"/>
  <testcase classname="com.qe.project.testcases.LumaApplication_Test" name="address" time="2.443"/>
  <testcase classname="com.qe.project.testcases.LumaApplication_Test" name="city" time="2.373"/>
  <testcase classname="com.qe.project.testcases.LumaApplication_Test" name="stateProvince" time="3.666"/>
  <testcase classname="com.qe.project.testcases.LumaApplication_Test" name="pinCode" time="1.348"/>
  <testcase classname="com.qe.project.testcases.LumaApplication_Test" name="country" time="1.826"/>
  <testcase classname="com.qe.project.testcases.LumaApplication_Test" name="phoneNo" time="2.488"/>
  <testcase classname="com.qe.project.testcases.LumaApplication_Test" name="NextEnd" time="1.239"/>
  <testcase classname="com.qe.project.testcases.LumaApplication_Test" name="placeOrder" time="3.348"/>
</testsuite> <!-- com.qe.project.testcases.LumaApplication_Test -->
