<?xml version="1.0" encoding="UTF-8"?>
<!-- Generated by org.testng.reporters.JUnitReportReporter -->
<testsuite hostname="DESKTOP-RVJV18D" failures="0" tests="2" name="com.qe.project.testcases.Logout_InTest" time="0.002" errors="0" timestamp="2024-07-17T21:44:30 IST" skipped="2">
  <testcase classname="com.qe.project.testcases.Logout_InTest" name="logout" time="0.002">
    <skipped/>
  </testcase> <!-- logout -->
  <testcase classname="com.qe.project.testcases.Logout_InTest" name="Logout_Test" time="0.000">
    <skipped/>
  </testcase> <!-- Logout_Test -->
</testsuite> <!-- com.qe.project.testcases.Logout_InTest -->
